/cosma/home/durham/dc-ruan1/.local/lib/python3.14/site-packages/mcfit/mcfit.py:130: UserWarning: use backend='jax' if desired
  warnings.warn("use backend='jax' if desired")
/cosma/home/durham/dc-ruan1/.local/lib/python3.14/site-packages/mcfit/mcfit.py:130: UserWarning: use backend='jax' if desired
  warnings.warn("use backend='jax' if desired")
/cosma/home/durham/dc-ruan1/.local/lib/python3.14/site-packages/mcfit/mcfit.py:130: UserWarning: use backend='jax' if desired
  warnings.warn("use backend='jax' if desired")
/cosma/home/durham/dc-ruan1/.local/lib/python3.14/site-packages/mcfit/mcfit.py:130: UserWarning: use backend='jax' if desired
  warnings.warn("use backend='jax' if desired")
/cosma/home/durham/dc-ruan1/.local/lib/python3.14/site-packages/mcfit/mcfit.py:130: UserWarning: use backend='jax' if desired
  warnings.warn("use backend='jax' if desired")
/cosma/home/durham/dc-ruan1/.local/lib/python3.14/site-packages/mcfit/mcfit.py:130: UserWarning: use backend='jax' if desired
  warnings.warn("use backend='jax' if desired")
/cosma/home/durham/dc-ruan1/.local/lib/python3.14/site-packages/mcfit/mcfit.py:130: UserWarning: use backend='jax' if desired
  warnings.warn("use backend='jax' if desired")
/cosma/home/durham/dc-ruan1/.local/lib/python3.14/site-packages/mcfit/mcfit.py:130: UserWarning: use backend='jax' if desired
  warnings.warn("use backend='jax' if desired")
/cosma/home/durham/dc-ruan1/.local/lib/python3.14/site-packages/mcfit/mcfit.py:130: UserWarning: use backend='jax' if desired
  warnings.warn("use backend='jax' if desired")
/cosma/home/durham/dc-ruan1/.local/lib/python3.14/site-packages/mcfit/mcfit.py:130: UserWarning: use backend='jax' if desired
  warnings.warn("use backend='jax' if desired")
/cosma/home/durham/dc-ruan1/.local/lib/python3.14/site-packages/mcfit/mcfit.py:130: UserWarning: use backend='jax' if desired
  warnings.warn("use backend='jax' if desired")
/cosma/home/durham/dc-ruan1/.local/lib/python3.14/site-packages/mcfit/mcfit.py:130: UserWarning: use backend='jax' if desired
  warnings.warn("use backend='jax' if desired")
/cosma/home/durham/dc-ruan1/.local/lib/python3.14/site-packages/mcfit/mcfit.py:130: UserWarning: use backend='jax' if desired
  warnings.warn("use backend='jax' if desired")
/cosma/home/durham/dc-ruan1/.local/lib/python3.14/site-packages/mcfit/mcfit.py:130: UserWarning: use backend='jax' if desired
  warnings.warn("use backend='jax' if desired")
/cosma/home/durham/dc-ruan1/.local/lib/python3.14/site-packages/mcfit/mcfit.py:130: UserWarning: use backend='jax' if desired
  warnings.warn("use backend='jax' if desired")
/cosma/home/durham/dc-ruan1/.local/lib/python3.14/site-packages/mcfit/mcfit.py:130: UserWarning: use backend='jax' if desired
  warnings.warn("use backend='jax' if desired")
/cosma/home/durham/dc-ruan1/.local/lib/python3.14/site-packages/mcfit/mcfit.py:130: UserWarning: use backend='jax' if desired
  warnings.warn("use backend='jax' if desired")
/cosma/home/durham/dc-ruan1/.local/lib/python3.14/site-packages/mcfit/mcfit.py:130: UserWarning: use backend='jax' if desired
  warnings.warn("use backend='jax' if desired")
/cosma/home/durham/dc-ruan1/.local/lib/python3.14/site-packages/mcfit/mcfit.py:130: UserWarning: use backend='jax' if desired
  warnings.warn("use backend='jax' if desired")
/cosma/home/durham/dc-ruan1/.local/lib/python3.14/site-packages/mcfit/mcfit.py:130: UserWarning: use backend='jax' if desired
  warnings.warn("use backend='jax' if desired")
/cosma/home/durham/dc-ruan1/.local/lib/python3.14/site-packages/mcfit/mcfit.py:130: UserWarning: use backend='jax' if desired
  warnings.warn("use backend='jax' if desired")
/cosma/home/durham/dc-ruan1/.local/lib/python3.14/site-packages/mcfit/mcfit.py:130: UserWarning: use backend='jax' if desired
  warnings.warn("use backend='jax' if desired")
/cosma/home/durham/dc-ruan1/.local/lib/python3.14/site-packages/mcfit/mcfit.py:130: UserWarning: use backend='jax' if desired
  warnings.warn("use backend='jax' if desired")
/cosma/home/durham/dc-ruan1/.local/lib/python3.14/site-packages/mcfit/mcfit.py:130: UserWarning: use backend='jax' if desired
  warnings.warn("use backend='jax' if desired")
/cosma/home/durham/dc-ruan1/.local/lib/python3.14/site-packages/mcfit/mcfit.py:130: UserWarning: use backend='jax' if desired
  warnings.warn("use backend='jax' if desired")
/cosma/home/durham/dc-ruan1/.local/lib/python3.14/site-packages/mcfit/mcfit.py:130: UserWarning: use backend='jax' if desired
  warnings.warn("use backend='jax' if desired")
/cosma/home/durham/dc-ruan1/.local/lib/python3.14/site-packages/mcfit/mcfit.py:130: UserWarning: use backend='jax' if desired
  warnings.warn("use backend='jax' if desired")
/cosma/home/durham/dc-ruan1/.local/lib/python3.14/site-packages/mcfit/mcfit.py:130: UserWarning: use backend='jax' if desired
  warnings.warn("use backend='jax' if desired")
/cosma/home/durham/dc-ruan1/.local/lib/python3.14/site-packages/mcfit/mcfit.py:130: UserWarning: use backend='jax' if desired
  warnings.warn("use backend='jax' if desired")
/cosma/home/durham/dc-ruan1/.local/lib/python3.14/site-packages/mcfit/mcfit.py:130: UserWarning: use backend='jax' if desired
  warnings.warn("use backend='jax' if desired")
/cosma/home/durham/dc-ruan1/.local/lib/python3.14/site-packages/mcfit/mcfit.py:130: UserWarning: use backend='jax' if desired
  warnings.warn("use backend='jax' if desired")
/cosma/home/durham/dc-ruan1/.local/lib/python3.14/site-packages/mcfit/mcfit.py:130: UserWarning: use backend='jax' if desired
  warnings.warn("use backend='jax' if desired")
/cosma/home/durham/dc-ruan1/.local/lib/python3.14/site-packages/mcfit/mcfit.py:130: UserWarning: use backend='jax' if desired
  warnings.warn("use backend='jax' if desired")
/cosma/home/durham/dc-ruan1/.local/lib/python3.14/site-packages/mcfit/mcfit.py:130: UserWarning: use backend='jax' if desired
  warnings.warn("use backend='jax' if desired")
/cosma/home/durham/dc-ruan1/.local/lib/python3.14/site-packages/mcfit/mcfit.py:130: UserWarning: use backend='jax' if desired
  warnings.warn("use backend='jax' if desired")
/cosma/home/durham/dc-ruan1/.local/lib/python3.14/site-packages/mcfit/mcfit.py:130: UserWarning: use backend='jax' if desired
  warnings.warn("use backend='jax' if desired")
/cosma/home/durham/dc-ruan1/.local/lib/python3.14/site-packages/mcfit/mcfit.py:130: UserWarning: use backend='jax' if desired
  warnings.warn("use backend='jax' if desired")
/cosma/home/durham/dc-ruan1/.local/lib/python3.14/site-packages/mcfit/mcfit.py:130: UserWarning: use backend='jax' if desired
  warnings.warn("use backend='jax' if desired")
/cosma/home/durham/dc-ruan1/.local/lib/python3.14/site-packages/mcfit/mcfit.py:130: UserWarning: use backend='jax' if desired
  warnings.warn("use backend='jax' if desired")
/cosma/home/durham/dc-ruan1/.local/lib/python3.14/site-packages/mcfit/mcfit.py:130: UserWarning: use backend='jax' if desired
  warnings.warn("use backend='jax' if desired")
/cosma/home/durham/dc-ruan1/.local/lib/python3.14/site-packages/mcfit/mcfit.py:130: UserWarning: use backend='jax' if desired
  warnings.warn("use backend='jax' if desired")
/cosma/home/durham/dc-ruan1/.local/lib/python3.14/site-packages/mcfit/mcfit.py:130: UserWarning: use backend='jax' if desired
  warnings.warn("use backend='jax' if desired")
/cosma/home/durham/dc-ruan1/.local/lib/python3.14/site-packages/mcfit/mcfit.py:130: UserWarning: use backend='jax' if desired
  warnings.warn("use backend='jax' if desired")
/cosma/home/durham/dc-ruan1/.local/lib/python3.14/site-packages/mcfit/mcfit.py:130: UserWarning: use backend='jax' if desired
  warnings.warn("use backend='jax' if desired")
/cosma/home/durham/dc-ruan1/.local/lib/python3.14/site-packages/mcfit/mcfit.py:130: UserWarning: use backend='jax' if desired
  warnings.warn("use backend='jax' if desired")
/cosma/home/durham/dc-ruan1/.local/lib/python3.14/site-packages/mcfit/mcfit.py:130: UserWarning: use backend='jax' if desired
  warnings.warn("use backend='jax' if desired")
/cosma/home/durham/dc-ruan1/.local/lib/python3.14/site-packages/mcfit/mcfit.py:130: UserWarning: use backend='jax' if desired
  warnings.warn("use backend='jax' if desired")
/cosma/home/durham/dc-ruan1/.local/lib/python3.14/site-packages/mcfit/mcfit.py:130: UserWarning: use backend='jax' if desired
  warnings.warn("use backend='jax' if desired")
/cosma/home/durham/dc-ruan1/.local/lib/python3.14/site-packages/mcfit/mcfit.py:130: UserWarning: use backend='jax' if desired
  warnings.warn("use backend='jax' if desired")
/cosma/home/durham/dc-ruan1/.local/lib/python3.14/site-packages/mcfit/mcfit.py:130: UserWarning: use backend='jax' if desired
  warnings.warn("use backend='jax' if desired")
/cosma/home/durham/dc-ruan1/.local/lib/python3.14/site-packages/mcfit/mcfit.py:130: UserWarning: use backend='jax' if desired
  warnings.warn("use backend='jax' if desired")
/cosma/home/durham/dc-ruan1/.local/lib/python3.14/site-packages/mcfit/mcfit.py:130: UserWarning: use backend='jax' if desired
  warnings.warn("use backend='jax' if desired")
/cosma/home/durham/dc-ruan1/.local/lib/python3.14/site-packages/mcfit/mcfit.py:130: UserWarning: use backend='jax' if desired
  warnings.warn("use backend='jax' if desired")
/cosma/home/durham/dc-ruan1/.local/lib/python3.14/site-packages/mcfit/mcfit.py:130: UserWarning: use backend='jax' if desired
  warnings.warn("use backend='jax' if desired")
/cosma/home/durham/dc-ruan1/.local/lib/python3.14/site-packages/mcfit/mcfit.py:130: UserWarning: use backend='jax' if desired
  warnings.warn("use backend='jax' if desired")
/cosma/home/durham/dc-ruan1/.local/lib/python3.14/site-packages/mcfit/mcfit.py:130: UserWarning: use backend='jax' if desired
  warnings.warn("use backend='jax' if desired")
/cosma/home/durham/dc-ruan1/.local/lib/python3.14/site-packages/mcfit/mcfit.py:130: UserWarning: use backend='jax' if desired
  warnings.warn("use backend='jax' if desired")
/cosma/home/durham/dc-ruan1/.local/lib/python3.14/site-packages/mcfit/mcfit.py:130: UserWarning: use backend='jax' if desired
  warnings.warn("use backend='jax' if desired")
/cosma/home/durham/dc-ruan1/.local/lib/python3.14/site-packages/mcfit/mcfit.py:130: UserWarning: use backend='jax' if desired
  warnings.warn("use backend='jax' if desired")
ERROR:2026-01-20 11:58:22,594:jax._src.xla_bridge:487: Jax plugin configuration error: Exception when calling jax_plugins.xla_cuda12.initialize()
Traceback (most recent call last):
  File "/cosma/apps/durham/dc-ruan1/micromamba/envs/cosemu/lib/python3.14/site-packages/jax/_src/xla_bridge.py", line 485, in discover_pjrt_plugins
    plugin_module.initialize()
    ~~~~~~~~~~~~~~~~~~~~~~~~^^
  File "/cosma/apps/durham/dc-ruan1/micromamba/envs/cosemu/lib/python3.14/site-packages/jax_plugins/xla_cuda12/__init__.py", line 328, in initialize
    _check_cuda_versions(raise_on_first_error=True)
    ~~~~~~~~~~~~~~~~~~~~^^^^^^^^^^^^^^^^^^^^^^^^^^^
  File "/cosma/apps/durham/dc-ruan1/micromamba/envs/cosemu/lib/python3.14/site-packages/jax_plugins/xla_cuda12/__init__.py", line 285, in _check_cuda_versions
    local_device_count = cuda_versions.cuda_device_count()
RuntimeError: jaxlib/cuda/versions_helpers.cc:113: operation cuInit(0) failed: Unknown CUDA error 303; cuGetErrorName failed. This probably means that JAX was unable to load the CUDA libraries.
Traceback (most recent call last):
  File "/cosma8/data/dp203/dc-ruan1/freyja/scripts/xi_hh/train_halo_bias.py", line 23, in <module>
    emulator.save(save_path)
    ~~~~~~~~~~~~~^^^^^^^^^^^
  File "/cosma8/data/dp203/dc-ruan1/freyja/freyja/emulators/halo_bias_diffM.py", line 240, in save
    np.savez(
    ~~~~~~~~^
        path,
        ^^^^^
    ...<6 lines>...
        x_std=self.x_std,
        ^^^^^^^^^^^^^^^^^
    )
    ^
  File "/cosma/apps/durham/dc-ruan1/micromamba/envs/cosemu/lib/python3.14/site-packages/numpy/lib/_npyio_impl.py", line 686, in savez
    _savez(file, args, kwds, False, allow_pickle=allow_pickle)
    ~~~~~~^^^^^^^^^^^^^^^^^^^^^^^^^^^^^^^^^^^^^^^^^^^^^^^^^^^^
  File "/cosma/apps/durham/dc-ruan1/micromamba/envs/cosemu/lib/python3.14/site-packages/numpy/lib/_npyio_impl.py", line 792, in _savez
    zipf = zipfile_factory(file, mode="w", compression=compression)
  File "/cosma/apps/durham/dc-ruan1/micromamba/envs/cosemu/lib/python3.14/site-packages/numpy/lib/_npyio_impl.py", line 112, in zipfile_factory
    return zipfile.ZipFile(file, *args, **kwargs)
           ~~~~~~~~~~~~~~~^^^^^^^^^^^^^^^^^^^^^^^
  File "/cosma/apps/durham/dc-ruan1/micromamba/envs/cosemu/lib/python3.14/zipfile/__init__.py", line 1453, in __init__
    self.fp = io.open(file, filemode)
              ~~~~~~~^^^^^^^^^^^^^^^^
FileNotFoundError: [Errno 2] No such file or directory: '../freyja/emulators/checkpoints/halo_bias_gp_v1.npz'
