/cosma/home/durham/dc-ruan1/.local/lib/python3.14/site-packages/mcfit/mcfit.py:130: UserWarning: use backend='jax' if desired
  warnings.warn("use backend='jax' if desired")
/cosma/home/durham/dc-ruan1/.local/lib/python3.14/site-packages/mcfit/mcfit.py:130: UserWarning: use backend='jax' if desired
  warnings.warn("use backend='jax' if desired")
/cosma/home/durham/dc-ruan1/.local/lib/python3.14/site-packages/mcfit/mcfit.py:130: UserWarning: use backend='jax' if desired
  warnings.warn("use backend='jax' if desired")
/cosma/home/durham/dc-ruan1/.local/lib/python3.14/site-packages/mcfit/mcfit.py:130: UserWarning: use backend='jax' if desired
  warnings.warn("use backend='jax' if desired")
/cosma/home/durham/dc-ruan1/.local/lib/python3.14/site-packages/mcfit/mcfit.py:130: UserWarning: use backend='jax' if desired
  warnings.warn("use backend='jax' if desired")
/cosma/home/durham/dc-ruan1/.local/lib/python3.14/site-packages/mcfit/mcfit.py:130: UserWarning: use backend='jax' if desired
  warnings.warn("use backend='jax' if desired")
/cosma/home/durham/dc-ruan1/.local/lib/python3.14/site-packages/mcfit/mcfit.py:130: UserWarning: use backend='jax' if desired
  warnings.warn("use backend='jax' if desired")
/cosma/home/durham/dc-ruan1/.local/lib/python3.14/site-packages/mcfit/mcfit.py:130: UserWarning: use backend='jax' if desired
  warnings.warn("use backend='jax' if desired")
/cosma/home/durham/dc-ruan1/.local/lib/python3.14/site-packages/mcfit/mcfit.py:130: UserWarning: use backend='jax' if desired
  warnings.warn("use backend='jax' if desired")
/cosma/home/durham/dc-ruan1/.local/lib/python3.14/site-packages/mcfit/mcfit.py:130: UserWarning: use backend='jax' if desired
  warnings.warn("use backend='jax' if desired")
/cosma/home/durham/dc-ruan1/.local/lib/python3.14/site-packages/mcfit/mcfit.py:130: UserWarning: use backend='jax' if desired
  warnings.warn("use backend='jax' if desired")
/cosma/home/durham/dc-ruan1/.local/lib/python3.14/site-packages/mcfit/mcfit.py:130: UserWarning: use backend='jax' if desired
  warnings.warn("use backend='jax' if desired")
/cosma/home/durham/dc-ruan1/.local/lib/python3.14/site-packages/mcfit/mcfit.py:130: UserWarning: use backend='jax' if desired
  warnings.warn("use backend='jax' if desired")
/cosma/home/durham/dc-ruan1/.local/lib/python3.14/site-packages/mcfit/mcfit.py:130: UserWarning: use backend='jax' if desired
  warnings.warn("use backend='jax' if desired")
/cosma/home/durham/dc-ruan1/.local/lib/python3.14/site-packages/mcfit/mcfit.py:130: UserWarning: use backend='jax' if desired
  warnings.warn("use backend='jax' if desired")
/cosma/home/durham/dc-ruan1/.local/lib/python3.14/site-packages/mcfit/mcfit.py:130: UserWarning: use backend='jax' if desired
  warnings.warn("use backend='jax' if desired")
/cosma/home/durham/dc-ruan1/.local/lib/python3.14/site-packages/mcfit/mcfit.py:130: UserWarning: use backend='jax' if desired
  warnings.warn("use backend='jax' if desired")
/cosma/home/durham/dc-ruan1/.local/lib/python3.14/site-packages/mcfit/mcfit.py:130: UserWarning: use backend='jax' if desired
  warnings.warn("use backend='jax' if desired")
/cosma/home/durham/dc-ruan1/.local/lib/python3.14/site-packages/mcfit/mcfit.py:130: UserWarning: use backend='jax' if desired
  warnings.warn("use backend='jax' if desired")
/cosma/home/durham/dc-ruan1/.local/lib/python3.14/site-packages/mcfit/mcfit.py:130: UserWarning: use backend='jax' if desired
  warnings.warn("use backend='jax' if desired")
/cosma/home/durham/dc-ruan1/.local/lib/python3.14/site-packages/mcfit/mcfit.py:130: UserWarning: use backend='jax' if desired
  warnings.warn("use backend='jax' if desired")
/cosma/home/durham/dc-ruan1/.local/lib/python3.14/site-packages/mcfit/mcfit.py:130: UserWarning: use backend='jax' if desired
  warnings.warn("use backend='jax' if desired")
/cosma/home/durham/dc-ruan1/.local/lib/python3.14/site-packages/mcfit/mcfit.py:130: UserWarning: use backend='jax' if desired
  warnings.warn("use backend='jax' if desired")
/cosma/home/durham/dc-ruan1/.local/lib/python3.14/site-packages/mcfit/mcfit.py:130: UserWarning: use backend='jax' if desired
  warnings.warn("use backend='jax' if desired")
/cosma/home/durham/dc-ruan1/.local/lib/python3.14/site-packages/mcfit/mcfit.py:130: UserWarning: use backend='jax' if desired
  warnings.warn("use backend='jax' if desired")
/cosma/home/durham/dc-ruan1/.local/lib/python3.14/site-packages/mcfit/mcfit.py:130: UserWarning: use backend='jax' if desired
  warnings.warn("use backend='jax' if desired")
/cosma/home/durham/dc-ruan1/.local/lib/python3.14/site-packages/mcfit/mcfit.py:130: UserWarning: use backend='jax' if desired
  warnings.warn("use backend='jax' if desired")
/cosma/home/durham/dc-ruan1/.local/lib/python3.14/site-packages/mcfit/mcfit.py:130: UserWarning: use backend='jax' if desired
  warnings.warn("use backend='jax' if desired")
/cosma/home/durham/dc-ruan1/.local/lib/python3.14/site-packages/mcfit/mcfit.py:130: UserWarning: use backend='jax' if desired
  warnings.warn("use backend='jax' if desired")
/cosma/home/durham/dc-ruan1/.local/lib/python3.14/site-packages/mcfit/mcfit.py:130: UserWarning: use backend='jax' if desired
  warnings.warn("use backend='jax' if desired")
/cosma/home/durham/dc-ruan1/.local/lib/python3.14/site-packages/mcfit/mcfit.py:130: UserWarning: use backend='jax' if desired
  warnings.warn("use backend='jax' if desired")
/cosma/home/durham/dc-ruan1/.local/lib/python3.14/site-packages/mcfit/mcfit.py:130: UserWarning: use backend='jax' if desired
  warnings.warn("use backend='jax' if desired")
/cosma/home/durham/dc-ruan1/.local/lib/python3.14/site-packages/mcfit/mcfit.py:130: UserWarning: use backend='jax' if desired
  warnings.warn("use backend='jax' if desired")
/cosma/home/durham/dc-ruan1/.local/lib/python3.14/site-packages/mcfit/mcfit.py:130: UserWarning: use backend='jax' if desired
  warnings.warn("use backend='jax' if desired")
/cosma/home/durham/dc-ruan1/.local/lib/python3.14/site-packages/mcfit/mcfit.py:130: UserWarning: use backend='jax' if desired
  warnings.warn("use backend='jax' if desired")
/cosma/home/durham/dc-ruan1/.local/lib/python3.14/site-packages/mcfit/mcfit.py:130: UserWarning: use backend='jax' if desired
  warnings.warn("use backend='jax' if desired")
/cosma/home/durham/dc-ruan1/.local/lib/python3.14/site-packages/mcfit/mcfit.py:130: UserWarning: use backend='jax' if desired
  warnings.warn("use backend='jax' if desired")
/cosma/home/durham/dc-ruan1/.local/lib/python3.14/site-packages/mcfit/mcfit.py:130: UserWarning: use backend='jax' if desired
  warnings.warn("use backend='jax' if desired")
/cosma/home/durham/dc-ruan1/.local/lib/python3.14/site-packages/mcfit/mcfit.py:130: UserWarning: use backend='jax' if desired
  warnings.warn("use backend='jax' if desired")
/cosma/home/durham/dc-ruan1/.local/lib/python3.14/site-packages/mcfit/mcfit.py:130: UserWarning: use backend='jax' if desired
  warnings.warn("use backend='jax' if desired")
/cosma/home/durham/dc-ruan1/.local/lib/python3.14/site-packages/mcfit/mcfit.py:130: UserWarning: use backend='jax' if desired
  warnings.warn("use backend='jax' if desired")
/cosma/home/durham/dc-ruan1/.local/lib/python3.14/site-packages/mcfit/mcfit.py:130: UserWarning: use backend='jax' if desired
  warnings.warn("use backend='jax' if desired")
/cosma/home/durham/dc-ruan1/.local/lib/python3.14/site-packages/mcfit/mcfit.py:130: UserWarning: use backend='jax' if desired
  warnings.warn("use backend='jax' if desired")
/cosma/home/durham/dc-ruan1/.local/lib/python3.14/site-packages/mcfit/mcfit.py:130: UserWarning: use backend='jax' if desired
  warnings.warn("use backend='jax' if desired")
/cosma/home/durham/dc-ruan1/.local/lib/python3.14/site-packages/mcfit/mcfit.py:130: UserWarning: use backend='jax' if desired
  warnings.warn("use backend='jax' if desired")
/cosma/home/durham/dc-ruan1/.local/lib/python3.14/site-packages/mcfit/mcfit.py:130: UserWarning: use backend='jax' if desired
  warnings.warn("use backend='jax' if desired")
/cosma/home/durham/dc-ruan1/.local/lib/python3.14/site-packages/mcfit/mcfit.py:130: UserWarning: use backend='jax' if desired
  warnings.warn("use backend='jax' if desired")
/cosma/home/durham/dc-ruan1/.local/lib/python3.14/site-packages/mcfit/mcfit.py:130: UserWarning: use backend='jax' if desired
  warnings.warn("use backend='jax' if desired")
/cosma/home/durham/dc-ruan1/.local/lib/python3.14/site-packages/mcfit/mcfit.py:130: UserWarning: use backend='jax' if desired
  warnings.warn("use backend='jax' if desired")
/cosma/home/durham/dc-ruan1/.local/lib/python3.14/site-packages/mcfit/mcfit.py:130: UserWarning: use backend='jax' if desired
  warnings.warn("use backend='jax' if desired")
/cosma/home/durham/dc-ruan1/.local/lib/python3.14/site-packages/mcfit/mcfit.py:130: UserWarning: use backend='jax' if desired
  warnings.warn("use backend='jax' if desired")
/cosma/home/durham/dc-ruan1/.local/lib/python3.14/site-packages/mcfit/mcfit.py:130: UserWarning: use backend='jax' if desired
  warnings.warn("use backend='jax' if desired")
/cosma/home/durham/dc-ruan1/.local/lib/python3.14/site-packages/mcfit/mcfit.py:130: UserWarning: use backend='jax' if desired
  warnings.warn("use backend='jax' if desired")
/cosma/home/durham/dc-ruan1/.local/lib/python3.14/site-packages/mcfit/mcfit.py:130: UserWarning: use backend='jax' if desired
  warnings.warn("use backend='jax' if desired")
/cosma/home/durham/dc-ruan1/.local/lib/python3.14/site-packages/mcfit/mcfit.py:130: UserWarning: use backend='jax' if desired
  warnings.warn("use backend='jax' if desired")
/cosma/home/durham/dc-ruan1/.local/lib/python3.14/site-packages/mcfit/mcfit.py:130: UserWarning: use backend='jax' if desired
  warnings.warn("use backend='jax' if desired")
/cosma/home/durham/dc-ruan1/.local/lib/python3.14/site-packages/mcfit/mcfit.py:130: UserWarning: use backend='jax' if desired
  warnings.warn("use backend='jax' if desired")
/cosma/home/durham/dc-ruan1/.local/lib/python3.14/site-packages/mcfit/mcfit.py:130: UserWarning: use backend='jax' if desired
  warnings.warn("use backend='jax' if desired")
/cosma/home/durham/dc-ruan1/.local/lib/python3.14/site-packages/mcfit/mcfit.py:130: UserWarning: use backend='jax' if desired
  warnings.warn("use backend='jax' if desired")
ERROR:2026-01-20 16:47:41,997:jax._src.xla_bridge:487: Jax plugin configuration error: Exception when calling jax_plugins.xla_cuda12.initialize()
Traceback (most recent call last):
  File "/cosma/apps/durham/dc-ruan1/micromamba/envs/cosemu/lib/python3.14/site-packages/jax/_src/xla_bridge.py", line 485, in discover_pjrt_plugins
    plugin_module.initialize()
    ~~~~~~~~~~~~~~~~~~~~~~~~^^
  File "/cosma/apps/durham/dc-ruan1/micromamba/envs/cosemu/lib/python3.14/site-packages/jax_plugins/xla_cuda12/__init__.py", line 328, in initialize
    _check_cuda_versions(raise_on_first_error=True)
    ~~~~~~~~~~~~~~~~~~~~^^^^^^^^^^^^^^^^^^^^^^^^^^^
  File "/cosma/apps/durham/dc-ruan1/micromamba/envs/cosemu/lib/python3.14/site-packages/jax_plugins/xla_cuda12/__init__.py", line 285, in _check_cuda_versions
    local_device_count = cuda_versions.cuda_device_count()
RuntimeError: jaxlib/cuda/versions_helpers.cc:113: operation cuInit(0) failed: Unknown CUDA error 303; cuGetErrorName failed. This probably means that JAX was unable to load the CUDA libraries.
/cosma/home/durham/dc-ruan1/.local/lib/python3.14/site-packages/mcfit/mcfit.py:130: UserWarning: use backend='jax' if desired
  warnings.warn("use backend='jax' if desired")
/cosma/home/durham/dc-ruan1/.local/lib/python3.14/site-packages/mcfit/mcfit.py:130: UserWarning: use backend='jax' if desired
  warnings.warn("use backend='jax' if desired")
/cosma/home/durham/dc-ruan1/.local/lib/python3.14/site-packages/mcfit/mcfit.py:130: UserWarning: use backend='jax' if desired
  warnings.warn("use backend='jax' if desired")
/cosma/home/durham/dc-ruan1/.local/lib/python3.14/site-packages/mcfit/mcfit.py:130: UserWarning: use backend='jax' if desired
  warnings.warn("use backend='jax' if desired")
